2025-02-26  9:51:27 0 [Note] Starting MariaDB 10.4.32-MariaDB source revision c4143f909528e3fab0677a28631d10389354c491 as process 7952
2025-02-26  9:51:27 0 [Note] InnoDB: Mutexes and rw_locks use Windows interlocked functions
2025-02-26  9:51:27 0 [Note] InnoDB: Uses event mutexes
2025-02-26  9:51:27 0 [Note] InnoDB: Compressed tables use zlib 1.3
2025-02-26  9:51:27 0 [Note] InnoDB: Number of pools: 1
2025-02-26  9:51:27 0 [Note] InnoDB: Using SSE2 crc32 instructions
2025-02-26  9:51:27 0 [Note] InnoDB: Initializing buffer pool, total size = 16M, instances = 1, chunk size = 16M
2025-02-26  9:51:27 0 [Note] InnoDB: Completed initialization of buffer pool
2025-02-26  9:51:27 0 [Note] InnoDB: Starting crash recovery from checkpoint LSN=473812
2025-02-26  9:51:27 0 [Note] InnoDB: 128 out of 128 rollback segments are active.
2025-02-26  9:51:27 0 [Note] InnoDB: Removed temporary tablespace data file: "ibtmp1"
2025-02-26  9:51:27 0 [Note] InnoDB: Creating shared tablespace for temporary tables
2025-02-26  9:51:27 0 [Note] InnoDB: Setting file 'C:\xampp\mysql\data\ibtmp1' size to 12 MB. Physically writing the file full; Please wait ...
2025-02-26  9:51:27 0 [Note] InnoDB: File 'C:\xampp\mysql\data\ibtmp1' size is now 12 MB.
2025-02-26  9:51:27 0 [Note] InnoDB: Waiting for purge to start
2025-02-26  9:51:27 0 [Note] InnoDB: 10.4.32 started; log sequence number 473821; transaction id 556
2025-02-26  9:51:27 0 [Note] InnoDB: Loading buffer pool(s) from C:\xampp\mysql\data\ib_buffer_pool
2025-02-26  9:51:27 0 [Note] Plugin 'FEEDBACK' is disabled.
2025-02-26  9:51:27 0 [Note] Server socket created on IP: '::'.
2025-02-26  9:52:50 0 [Note] Starting MariaDB 10.4.32-MariaDB source revision c4143f909528e3fab0677a28631d10389354c491 as process 16228
2025-02-26  9:52:50 0 [Note] InnoDB: Mutexes and rw_locks use Windows interlocked functions
2025-02-26  9:52:50 0 [Note] InnoDB: Uses event mutexes
2025-02-26  9:52:50 0 [Note] InnoDB: Compressed tables use zlib 1.3
2025-02-26  9:52:50 0 [Note] InnoDB: Number of pools: 1
2025-02-26  9:52:50 0 [Note] InnoDB: Using SSE2 crc32 instructions
2025-02-26  9:52:50 0 [Note] InnoDB: Initializing buffer pool, total size = 16M, instances = 1, chunk size = 16M
2025-02-26  9:52:50 0 [Note] InnoDB: Completed initialization of buffer pool
2025-02-26  9:52:50 0 [Note] InnoDB: Starting crash recovery from checkpoint LSN=473830
2025-02-26  9:52:50 0 [Note] InnoDB: 128 out of 128 rollback segments are active.
2025-02-26  9:52:50 0 [Note] InnoDB: Removed temporary tablespace data file: "ibtmp1"
2025-02-26  9:52:50 0 [Note] InnoDB: Creating shared tablespace for temporary tables
2025-02-26  9:52:50 0 [Note] InnoDB: Setting file 'C:\xampp\mysql\data\ibtmp1' size to 12 MB. Physically writing the file full; Please wait ...
2025-02-26  9:52:50 0 [Note] InnoDB: File 'C:\xampp\mysql\data\ibtmp1' size is now 12 MB.
2025-02-26  9:52:50 0 [Note] InnoDB: Waiting for purge to start
2025-02-26  9:52:50 0 [Note] InnoDB: 10.4.32 started; log sequence number 473839; transaction id 556
2025-02-26  9:52:50 0 [Note] InnoDB: Loading buffer pool(s) from C:\xampp\mysql\data\ib_buffer_pool
2025-02-26  9:52:50 0 [Note] Plugin 'FEEDBACK' is disabled.
2025-02-26  9:52:50 0 [Note] Server socket created on IP: '::'.
2025-02-26 10:19:13 0 [Note] Starting MariaDB 10.4.32-MariaDB source revision c4143f909528e3fab0677a28631d10389354c491 as process 1892
2025-02-26 10:19:13 0 [Note] InnoDB: Mutexes and rw_locks use Windows interlocked functions
2025-02-26 10:19:13 0 [Note] InnoDB: Uses event mutexes
2025-02-26 10:19:13 0 [Note] InnoDB: Compressed tables use zlib 1.3
2025-02-26 10:19:13 0 [Note] InnoDB: Number of pools: 1
2025-02-26 10:19:13 0 [Note] InnoDB: Using SSE2 crc32 instructions
2025-02-26 10:19:13 0 [Note] InnoDB: Initializing buffer pool, total size = 16M, instances = 1, chunk size = 16M
2025-02-26 10:19:13 0 [Note] InnoDB: Completed initialization of buffer pool
2025-02-26 10:19:13 0 [Note] InnoDB: Starting crash recovery from checkpoint LSN=473848
2025-02-26 10:19:13 0 [Note] InnoDB: 128 out of 128 rollback segments are active.
2025-02-26 10:19:13 0 [Note] InnoDB: Removed temporary tablespace data file: "ibtmp1"
2025-02-26 10:19:13 0 [Note] InnoDB: Creating shared tablespace for temporary tables
2025-02-26 10:19:13 0 [Note] InnoDB: Setting file 'C:\xampp\mysql\data\ibtmp1' size to 12 MB. Physically writing the file full; Please wait ...
2025-02-26 10:19:13 0 [Note] InnoDB: File 'C:\xampp\mysql\data\ibtmp1' size is now 12 MB.
2025-02-26 10:19:13 0 [Note] InnoDB: Waiting for purge to start
2025-02-26 10:19:13 0 [Note] InnoDB: 10.4.32 started; log sequence number 473857; transaction id 556
2025-02-26 10:19:13 0 [Note] InnoDB: Loading buffer pool(s) from C:\xampp\mysql\data\ib_buffer_pool
2025-02-26 10:19:13 0 [Note] Plugin 'FEEDBACK' is disabled.
2025-02-26 10:19:13 0 [Note] Server socket created on IP: '::'.
2025-02-26 10:19:16 0 [Note] Starting MariaDB 10.4.32-MariaDB source revision c4143f909528e3fab0677a28631d10389354c491 as process 9120
2025-02-26 10:19:16 0 [Note] InnoDB: Mutexes and rw_locks use Windows interlocked functions
2025-02-26 10:19:16 0 [Note] InnoDB: Uses event mutexes
2025-02-26 10:19:16 0 [Note] InnoDB: Compressed tables use zlib 1.3
2025-02-26 10:19:16 0 [Note] InnoDB: Number of pools: 1
2025-02-26 10:19:16 0 [Note] InnoDB: Using SSE2 crc32 instructions
2025-02-26 10:19:16 0 [Note] InnoDB: Initializing buffer pool, total size = 16M, instances = 1, chunk size = 16M
2025-02-26 10:19:16 0 [Note] InnoDB: Completed initialization of buffer pool
2025-02-26 10:19:16 0 [Note] InnoDB: Starting crash recovery from checkpoint LSN=473848
2025-02-26 10:19:16 0 [Note] InnoDB: 128 out of 128 rollback segments are active.
2025-02-26 10:19:16 0 [Note] InnoDB: Removed temporary tablespace data file: "ibtmp1"
2025-02-26 10:19:16 0 [Note] InnoDB: Creating shared tablespace for temporary tables
2025-02-26 10:19:16 0 [Note] InnoDB: Setting file 'C:\xampp\mysql\data\ibtmp1' size to 12 MB. Physically writing the file full; Please wait ...
2025-02-26 10:19:16 0 [Note] InnoDB: File 'C:\xampp\mysql\data\ibtmp1' size is now 12 MB.
2025-02-26 10:19:16 0 [Note] InnoDB: Waiting for purge to start
2025-02-26 10:19:16 0 [Note] InnoDB: 10.4.32 started; log sequence number 473857; transaction id 556
2025-02-26 10:19:16 0 [Note] InnoDB: Loading buffer pool(s) from C:\xampp\mysql\data\ib_buffer_pool
2025-02-26 10:19:16 0 [Note] Plugin 'FEEDBACK' is disabled.
2025-02-26 10:19:16 0 [Note] Server socket created on IP: '::'.
2025-02-26 19:59:36 0 [Note] Starting MariaDB 10.4.32-MariaDB source revision c4143f909528e3fab0677a28631d10389354c491 as process 3292
2025-02-26 19:59:36 0 [Note] InnoDB: Mutexes and rw_locks use Windows interlocked functions
2025-02-26 19:59:36 0 [Note] InnoDB: Uses event mutexes
2025-02-26 19:59:36 0 [Note] InnoDB: Compressed tables use zlib 1.3
2025-02-26 19:59:36 0 [Note] InnoDB: Number of pools: 1
2025-02-26 19:59:36 0 [Note] InnoDB: Using SSE2 crc32 instructions
2025-02-26 19:59:36 0 [Note] InnoDB: Initializing buffer pool, total size = 16M, instances = 1, chunk size = 16M
2025-02-26 19:59:36 0 [Note] InnoDB: Completed initialization of buffer pool
2025-02-26 19:59:36 0 [Note] InnoDB: Starting crash recovery from checkpoint LSN=543779
2025-02-26 19:59:37 0 [Note] InnoDB: 128 out of 128 rollback segments are active.
2025-02-26 19:59:37 0 [Note] InnoDB: Removed temporary tablespace data file: "ibtmp1"
2025-02-26 19:59:37 0 [Note] InnoDB: Creating shared tablespace for temporary tables
2025-02-26 19:59:37 0 [Note] InnoDB: Setting file 'C:\xampp\mysql\data\ibtmp1' size to 12 MB. Physically writing the file full; Please wait ...
2025-02-26 19:59:37 0 [Note] InnoDB: File 'C:\xampp\mysql\data\ibtmp1' size is now 12 MB.
2025-02-26 19:59:37 0 [Note] InnoDB: Waiting for purge to start
2025-02-26 19:59:37 0 [Note] InnoDB: 10.4.32 started; log sequence number 543788; transaction id 694
2025-02-26 19:59:37 0 [Note] InnoDB: Loading buffer pool(s) from C:\xampp\mysql\data\ib_buffer_pool
2025-02-26 19:59:37 0 [Note] Plugin 'FEEDBACK' is disabled.
2025-02-26 19:59:37 0 [Note] InnoDB: Buffer pool(s) load completed at 250226 19:59:37
2025-02-26 19:59:37 0 [Note] Server socket created on IP: '::'.
2025-02-26 21:37:23 0 [Note] Starting MariaDB 10.4.32-MariaDB source revision c4143f909528e3fab0677a28631d10389354c491 as process 956
2025-02-26 21:37:23 0 [Note] InnoDB: Mutexes and rw_locks use Windows interlocked functions
2025-02-26 21:37:23 0 [Note] InnoDB: Uses event mutexes
2025-02-26 21:37:23 0 [Note] InnoDB: Compressed tables use zlib 1.3
2025-02-26 21:37:23 0 [Note] InnoDB: Number of pools: 1
2025-02-26 21:37:23 0 [Note] InnoDB: Using SSE2 crc32 instructions
2025-02-26 21:37:23 0 [Note] InnoDB: Initializing buffer pool, total size = 16M, instances = 1, chunk size = 16M
2025-02-26 21:37:23 0 [Note] InnoDB: Completed initialization of buffer pool
2025-02-26 21:37:23 0 [Note] InnoDB: Starting crash recovery from checkpoint LSN=555952
2025-02-26 21:37:23 0 [Note] InnoDB: 128 out of 128 rollback segments are active.
2025-02-26 21:37:23 0 [Note] InnoDB: Removed temporary tablespace data file: "ibtmp1"
2025-02-26 21:37:23 0 [Note] InnoDB: Creating shared tablespace for temporary tables
2025-02-26 21:37:23 0 [Note] InnoDB: Setting file 'C:\xampp\mysql\data\ibtmp1' size to 12 MB. Physically writing the file full; Please wait ...
2025-02-26 21:37:23 0 [Note] InnoDB: File 'C:\xampp\mysql\data\ibtmp1' size is now 12 MB.
2025-02-26 21:37:23 0 [Note] InnoDB: Waiting for purge to start
2025-02-26 21:37:23 0 [Note] InnoDB: 10.4.32 started; log sequence number 555961; transaction id 728
2025-02-26 21:37:23 0 [Note] InnoDB: Loading buffer pool(s) from C:\xampp\mysql\data\ib_buffer_pool
2025-02-26 21:37:23 0 [Note] Plugin 'FEEDBACK' is disabled.
2025-02-26 21:37:23 0 [Note] Server socket created on IP: '::'.
2025-02-27  9:23:39 0 [Note] Starting MariaDB 10.4.32-MariaDB source revision c4143f909528e3fab0677a28631d10389354c491 as process 6340
2025-02-27  9:23:39 0 [Note] InnoDB: Mutexes and rw_locks use Windows interlocked functions
2025-02-27  9:23:39 0 [Note] InnoDB: Uses event mutexes
2025-02-27  9:23:39 0 [Note] InnoDB: Compressed tables use zlib 1.3
2025-02-27  9:23:39 0 [Note] InnoDB: Number of pools: 1
2025-02-27  9:23:39 0 [Note] InnoDB: Using SSE2 crc32 instructions
2025-02-27  9:23:39 0 [Note] InnoDB: Initializing buffer pool, total size = 16M, instances = 1, chunk size = 16M
2025-02-27  9:23:39 0 [Note] InnoDB: Completed initialization of buffer pool
2025-02-27  9:23:39 0 [Note] InnoDB: Starting crash recovery from checkpoint LSN=555970
2025-02-27  9:23:39 0 [Note] InnoDB: 128 out of 128 rollback segments are active.
2025-02-27  9:23:39 0 [Note] InnoDB: Removed temporary tablespace data file: "ibtmp1"
2025-02-27  9:23:39 0 [Note] InnoDB: Creating shared tablespace for temporary tables
2025-02-27  9:23:39 0 [Note] InnoDB: Setting file 'C:\xampp\mysql\data\ibtmp1' size to 12 MB. Physically writing the file full; Please wait ...
2025-02-27  9:23:39 0 [Note] InnoDB: File 'C:\xampp\mysql\data\ibtmp1' size is now 12 MB.
2025-02-27  9:23:39 0 [Note] InnoDB: Waiting for purge to start
2025-02-27  9:23:39 0 [Note] InnoDB: 10.4.32 started; log sequence number 555979; transaction id 728
2025-02-27  9:23:39 0 [Note] InnoDB: Loading buffer pool(s) from C:\xampp\mysql\data\ib_buffer_pool
2025-02-27  9:23:39 0 [Note] Plugin 'FEEDBACK' is disabled.
2025-02-27  9:23:39 0 [Note] InnoDB: Buffer pool(s) load completed at 250227  9:23:39
2025-02-27  9:23:39 0 [Note] Server socket created on IP: '::'.
2025-02-27 17:27:37 0 [Note] Starting MariaDB 10.4.32-MariaDB source revision c4143f909528e3fab0677a28631d10389354c491 as process 9312
2025-02-27 17:27:37 0 [Note] InnoDB: Mutexes and rw_locks use Windows interlocked functions
2025-02-27 17:27:37 0 [Note] InnoDB: Uses event mutexes
2025-02-27 17:27:37 0 [Note] InnoDB: Compressed tables use zlib 1.3
2025-02-27 17:27:37 0 [Note] InnoDB: Number of pools: 1
2025-02-27 17:27:37 0 [Note] InnoDB: Using SSE2 crc32 instructions
2025-02-27 17:27:37 0 [Note] InnoDB: Initializing buffer pool, total size = 16M, instances = 1, chunk size = 16M
2025-02-27 17:27:37 0 [Note] InnoDB: Completed initialization of buffer pool
2025-02-27 17:27:37 0 [Note] InnoDB: Starting crash recovery from checkpoint LSN=728814
2025-02-27 17:27:37 0 [Note] InnoDB: 128 out of 128 rollback segments are active.
2025-02-27 17:27:37 0 [Note] InnoDB: Removed temporary tablespace data file: "ibtmp1"
2025-02-27 17:27:37 0 [Note] InnoDB: Creating shared tablespace for temporary tables
2025-02-27 17:27:37 0 [Note] InnoDB: Setting file 'C:\xampp\mysql\data\ibtmp1' size to 12 MB. Physically writing the file full; Please wait ...
2025-02-27 17:27:37 0 [Note] InnoDB: File 'C:\xampp\mysql\data\ibtmp1' size is now 12 MB.
2025-02-27 17:27:37 0 [Note] InnoDB: Waiting for purge to start
2025-02-27 17:27:37 0 [Note] InnoDB: 10.4.32 started; log sequence number 728823; transaction id 1011
2025-02-27 17:27:37 0 [Note] InnoDB: Loading buffer pool(s) from C:\xampp\mysql\data\ib_buffer_pool
2025-02-27 17:27:37 0 [Note] Plugin 'FEEDBACK' is disabled.
2025-02-27 17:27:37 0 [Note] InnoDB: Buffer pool(s) load completed at 250227 17:27:37
2025-02-27 17:27:37 0 [Note] Server socket created on IP: '::'.
2025-02-27 17:27:43 0 [Note] Starting MariaDB 10.4.32-MariaDB source revision c4143f909528e3fab0677a28631d10389354c491 as process 20452
2025-02-27 17:27:43 0 [Note] InnoDB: Mutexes and rw_locks use Windows interlocked functions
2025-02-27 17:27:43 0 [Note] InnoDB: Uses event mutexes
2025-02-27 17:27:43 0 [Note] InnoDB: Compressed tables use zlib 1.3
2025-02-27 17:27:43 0 [Note] InnoDB: Number of pools: 1
2025-02-27 17:27:43 0 [Note] InnoDB: Using SSE2 crc32 instructions
2025-02-27 17:27:43 0 [Note] InnoDB: Initializing buffer pool, total size = 16M, instances = 1, chunk size = 16M
2025-02-27 17:27:43 0 [Note] InnoDB: Completed initialization of buffer pool
2025-02-27 17:27:43 0 [Note] InnoDB: Starting crash recovery from checkpoint LSN=728814
2025-02-27 17:27:43 0 [Note] InnoDB: 128 out of 128 rollback segments are active.
2025-02-27 17:27:43 0 [Note] InnoDB: Removed temporary tablespace data file: "ibtmp1"
2025-02-27 17:27:43 0 [Note] InnoDB: Creating shared tablespace for temporary tables
2025-02-27 17:27:43 0 [Note] InnoDB: Setting file 'C:\xampp\mysql\data\ibtmp1' size to 12 MB. Physically writing the file full; Please wait ...
2025-02-27 17:27:43 0 [Note] InnoDB: File 'C:\xampp\mysql\data\ibtmp1' size is now 12 MB.
2025-02-27 17:27:43 0 [Note] InnoDB: Waiting for purge to start
2025-02-27 17:27:43 0 [Note] InnoDB: 10.4.32 started; log sequence number 728823; transaction id 1011
2025-02-27 17:27:43 0 [Note] Plugin 'FEEDBACK' is disabled.
2025-02-27 17:27:43 0 [Note] InnoDB: Loading buffer pool(s) from C:\xampp\mysql\data\ib_buffer_pool
2025-02-27 17:27:43 0 [Note] Server socket created on IP: '::'.
2025-02-28  9:16:24 0 [Note] Starting MariaDB 10.4.32-MariaDB source revision c4143f909528e3fab0677a28631d10389354c491 as process 8800
2025-02-28  9:16:24 0 [Note] InnoDB: Mutexes and rw_locks use Windows interlocked functions
2025-02-28  9:16:24 0 [Note] InnoDB: Uses event mutexes
2025-02-28  9:16:24 0 [Note] InnoDB: Compressed tables use zlib 1.3
2025-02-28  9:16:24 0 [Note] InnoDB: Number of pools: 1
2025-02-28  9:16:24 0 [Note] InnoDB: Using SSE2 crc32 instructions
2025-02-28  9:16:24 0 [Note] InnoDB: Initializing buffer pool, total size = 16M, instances = 1, chunk size = 16M
2025-02-28  9:16:24 0 [Note] InnoDB: Completed initialization of buffer pool
2025-02-28  9:16:24 0 [Note] InnoDB: Starting crash recovery from checkpoint LSN=775911
2025-02-28  9:16:24 0 [Note] InnoDB: 128 out of 128 rollback segments are active.
2025-02-28  9:16:24 0 [Note] InnoDB: Removed temporary tablespace data file: "ibtmp1"
2025-02-28  9:16:24 0 [Note] InnoDB: Creating shared tablespace for temporary tables
2025-02-28  9:16:24 0 [Note] InnoDB: Setting file 'C:\xampp\mysql\data\ibtmp1' size to 12 MB. Physically writing the file full; Please wait ...
2025-02-28  9:16:24 0 [Note] InnoDB: File 'C:\xampp\mysql\data\ibtmp1' size is now 12 MB.
2025-02-28  9:16:24 0 [Note] InnoDB: Waiting for purge to start
2025-02-28  9:16:24 0 [Note] InnoDB: 10.4.32 started; log sequence number 775920; transaction id 1101
2025-02-28  9:16:24 0 [Note] InnoDB: Loading buffer pool(s) from C:\xampp\mysql\data\ib_buffer_pool
2025-02-28  9:16:24 0 [Note] Plugin 'FEEDBACK' is disabled.
2025-02-28  9:16:24 0 [Note] InnoDB: Buffer pool(s) load completed at 250228  9:16:24
2025-02-28  9:16:24 0 [Note] Server socket created on IP: '::'.
2025-02-28 10:58:19 0 [Note] Starting MariaDB 10.4.32-MariaDB source revision c4143f909528e3fab0677a28631d10389354c491 as process 2488
2025-02-28 10:58:19 0 [Note] InnoDB: Mutexes and rw_locks use Windows interlocked functions
2025-02-28 10:58:19 0 [Note] InnoDB: Uses event mutexes
2025-02-28 10:58:19 0 [Note] InnoDB: Compressed tables use zlib 1.3
2025-02-28 10:58:19 0 [Note] InnoDB: Number of pools: 1
2025-02-28 10:58:19 0 [Note] InnoDB: Using SSE2 crc32 instructions
2025-02-28 10:58:19 0 [Note] InnoDB: Initializing buffer pool, total size = 16M, instances = 1, chunk size = 16M
2025-02-28 10:58:19 0 [Note] InnoDB: Completed initialization of buffer pool
2025-02-28 10:58:19 0 [Note] InnoDB: Starting crash recovery from checkpoint LSN=831379
2025-02-28 10:58:20 0 [Note] InnoDB: 128 out of 128 rollback segments are active.
2025-02-28 10:58:20 0 [Note] InnoDB: Removed temporary tablespace data file: "ibtmp1"
2025-02-28 10:58:20 0 [Note] InnoDB: Creating shared tablespace for temporary tables
2025-02-28 10:58:20 0 [Note] InnoDB: Setting file 'C:\xampp\mysql\data\ibtmp1' size to 12 MB. Physically writing the file full; Please wait ...
2025-02-28 10:58:20 0 [Note] InnoDB: File 'C:\xampp\mysql\data\ibtmp1' size is now 12 MB.
2025-02-28 10:58:20 0 [Note] InnoDB: Waiting for purge to start
2025-02-28 10:58:20 0 [Note] InnoDB: 10.4.32 started; log sequence number 831388; transaction id 1213
2025-02-28 10:58:20 0 [Note] InnoDB: Loading buffer pool(s) from C:\xampp\mysql\data\ib_buffer_pool
2025-02-28 10:58:20 0 [Note] Plugin 'FEEDBACK' is disabled.
2025-02-28 10:58:20 0 [Note] Server socket created on IP: '::'.
2025-02-28 17:28:46 0 [Note] Starting MariaDB 10.4.32-MariaDB source revision c4143f909528e3fab0677a28631d10389354c491 as process 5152
2025-02-28 17:28:46 0 [Note] InnoDB: Mutexes and rw_locks use Windows interlocked functions
2025-02-28 17:28:46 0 [Note] InnoDB: Uses event mutexes
2025-02-28 17:28:46 0 [Note] InnoDB: Compressed tables use zlib 1.3
2025-02-28 17:28:46 0 [Note] InnoDB: Number of pools: 1
2025-02-28 17:28:46 0 [Note] InnoDB: Using SSE2 crc32 instructions
2025-02-28 17:28:46 0 [Note] InnoDB: Initializing buffer pool, total size = 16M, instances = 1, chunk size = 16M
2025-02-28 17:28:46 0 [Note] InnoDB: Completed initialization of buffer pool
2025-02-28 17:28:46 0 [Note] InnoDB: Starting crash recovery from checkpoint LSN=932198
2025-02-28 17:28:47 0 [Note] InnoDB: 128 out of 128 rollback segments are active.
2025-02-28 17:28:47 0 [Note] InnoDB: Removed temporary tablespace data file: "ibtmp1"
2025-02-28 17:28:47 0 [Note] InnoDB: Creating shared tablespace for temporary tables
2025-02-28 17:28:47 0 [Note] InnoDB: Setting file 'C:\xampp\mysql\data\ibtmp1' size to 12 MB. Physically writing the file full; Please wait ...
2025-02-28 17:28:47 0 [Note] InnoDB: File 'C:\xampp\mysql\data\ibtmp1' size is now 12 MB.
2025-02-28 17:28:47 0 [Note] InnoDB: Waiting for purge to start
2025-02-28 17:28:47 0 [Note] InnoDB: 10.4.32 started; log sequence number 932207; transaction id 1348
2025-02-28 17:28:47 0 [Note] InnoDB: Loading buffer pool(s) from C:\xampp\mysql\data\ib_buffer_pool
2025-02-28 17:28:47 0 [Note] Plugin 'FEEDBACK' is disabled.
2025-02-28 17:28:47 0 [Note] Server socket created on IP: '::'.
2025-03-01 11:08:21 0 [Note] Starting MariaDB 10.4.32-MariaDB source revision c4143f909528e3fab0677a28631d10389354c491 as process 12744
2025-03-01 11:08:21 0 [Note] InnoDB: Mutexes and rw_locks use Windows interlocked functions
2025-03-01 11:08:21 0 [Note] InnoDB: Uses event mutexes
2025-03-01 11:08:21 0 [Note] InnoDB: Compressed tables use zlib 1.3
2025-03-01 11:08:21 0 [Note] InnoDB: Number of pools: 1
2025-03-01 11:08:21 0 [Note] InnoDB: Using SSE2 crc32 instructions
2025-03-01 11:08:21 0 [Note] InnoDB: Initializing buffer pool, total size = 16M, instances = 1, chunk size = 16M
2025-03-01 11:08:21 0 [Note] InnoDB: Completed initialization of buffer pool
2025-03-01 11:08:21 0 [Note] InnoDB: Starting crash recovery from checkpoint LSN=932216
2025-03-01 11:08:21 0 [Note] InnoDB: 128 out of 128 rollback segments are active.
2025-03-01 11:08:21 0 [Note] InnoDB: Removed temporary tablespace data file: "ibtmp1"
2025-03-01 11:08:21 0 [Note] InnoDB: Creating shared tablespace for temporary tables
2025-03-01 11:08:21 0 [Note] InnoDB: Setting file 'C:\xampp\mysql\data\ibtmp1' size to 12 MB. Physically writing the file full; Please wait ...
2025-03-01 11:08:21 0 [Note] InnoDB: File 'C:\xampp\mysql\data\ibtmp1' size is now 12 MB.
2025-03-01 11:08:21 0 [Note] InnoDB: Waiting for purge to start
2025-03-01 11:08:21 0 [Note] InnoDB: 10.4.32 started; log sequence number 932225; transaction id 1348
2025-03-01 11:08:21 0 [Note] InnoDB: Loading buffer pool(s) from C:\xampp\mysql\data\ib_buffer_pool
2025-03-01 11:08:21 0 [Note] Plugin 'FEEDBACK' is disabled.
2025-03-01 11:08:21 0 [Note] InnoDB: Buffer pool(s) load completed at 250301 11:08:21
2025-03-01 11:08:21 0 [Note] Server socket created on IP: '::'.
2025-03-02 11:24:13 0 [Note] Starting MariaDB 10.4.32-MariaDB source revision c4143f909528e3fab0677a28631d10389354c491 as process 18428
2025-03-02 11:24:13 0 [Note] InnoDB: Mutexes and rw_locks use Windows interlocked functions
2025-03-02 11:24:13 0 [Note] InnoDB: Uses event mutexes
2025-03-02 11:24:13 0 [Note] InnoDB: Compressed tables use zlib 1.3
2025-03-02 11:24:13 0 [Note] InnoDB: Number of pools: 1
2025-03-02 11:24:13 0 [Note] InnoDB: Using SSE2 crc32 instructions
2025-03-02 11:24:13 0 [Note] InnoDB: Initializing buffer pool, total size = 16M, instances = 1, chunk size = 16M
2025-03-02 11:24:13 0 [Note] InnoDB: Completed initialization of buffer pool
2025-03-02 11:24:14 0 [Note] InnoDB: Starting crash recovery from checkpoint LSN=932588
2025-03-02 11:24:15 0 [Note] InnoDB: 128 out of 128 rollback segments are active.
2025-03-02 11:24:15 0 [Note] InnoDB: Removed temporary tablespace data file: "ibtmp1"
2025-03-02 11:24:15 0 [Note] InnoDB: Creating shared tablespace for temporary tables
2025-03-02 11:24:15 0 [Note] InnoDB: Setting file 'C:\xampp\mysql\data\ibtmp1' size to 12 MB. Physically writing the file full; Please wait ...
2025-03-02 11:24:15 0 [Note] InnoDB: File 'C:\xampp\mysql\data\ibtmp1' size is now 12 MB.
2025-03-02 11:24:15 0 [Note] InnoDB: Waiting for purge to start
2025-03-02 11:24:15 0 [Note] InnoDB: 10.4.32 started; log sequence number 932597; transaction id 1366
2025-03-02 11:24:15 0 [Note] InnoDB: Loading buffer pool(s) from C:\xampp\mysql\data\ib_buffer_pool
2025-03-02 11:24:15 0 [Note] Plugin 'FEEDBACK' is disabled.
2025-03-02 11:24:15 0 [Note] InnoDB: Buffer pool(s) load completed at 250302 11:24:15
2025-03-02 11:24:15 0 [Note] Server socket created on IP: '::'.
2025-03-02 13:07:25 0 [Note] Starting MariaDB 10.4.32-MariaDB source revision c4143f909528e3fab0677a28631d10389354c491 as process 11936
2025-03-02 13:07:25 0 [Note] InnoDB: Mutexes and rw_locks use Windows interlocked functions
2025-03-02 13:07:25 0 [Note] InnoDB: Uses event mutexes
2025-03-02 13:07:25 0 [Note] InnoDB: Compressed tables use zlib 1.3
2025-03-02 13:07:25 0 [Note] InnoDB: Number of pools: 1
2025-03-02 13:07:25 0 [Note] InnoDB: Using SSE2 crc32 instructions
2025-03-02 13:07:25 0 [Note] InnoDB: Initializing buffer pool, total size = 16M, instances = 1, chunk size = 16M
2025-03-02 13:07:25 0 [Note] InnoDB: Completed initialization of buffer pool
2025-03-02 13:07:25 0 [Note] InnoDB: Starting crash recovery from checkpoint LSN=989333
2025-03-02 13:07:26 0 [Note] InnoDB: 128 out of 128 rollback segments are active.
2025-03-02 13:07:26 0 [Note] InnoDB: Removed temporary tablespace data file: "ibtmp1"
2025-03-02 13:07:26 0 [Note] InnoDB: Creating shared tablespace for temporary tables
2025-03-02 13:07:26 0 [Note] InnoDB: Setting file 'C:\xampp\mysql\data\ibtmp1' size to 12 MB. Physically writing the file full; Please wait ...
2025-03-02 13:07:26 0 [Note] InnoDB: File 'C:\xampp\mysql\data\ibtmp1' size is now 12 MB.
2025-03-02 13:07:26 0 [Note] InnoDB: Waiting for purge to start
2025-03-02 13:07:26 0 [Note] InnoDB: 10.4.32 started; log sequence number 989342; transaction id 1457
2025-03-02 13:07:26 0 [Note] InnoDB: Loading buffer pool(s) from C:\xampp\mysql\data\ib_buffer_pool
2025-03-02 13:07:26 0 [Note] Plugin 'FEEDBACK' is disabled.
2025-03-02 13:07:26 0 [Note] InnoDB: Buffer pool(s) load completed at 250302 13:07:26
2025-03-02 13:07:26 0 [Note] Server socket created on IP: '::'.
2025-03-03  8:00:24 0 [Note] Starting MariaDB 10.4.32-MariaDB source revision c4143f909528e3fab0677a28631d10389354c491 as process 12304
2025-03-03  8:00:24 0 [Note] InnoDB: Mutexes and rw_locks use Windows interlocked functions
2025-03-03  8:00:24 0 [Note] InnoDB: Uses event mutexes
2025-03-03  8:00:24 0 [Note] InnoDB: Compressed tables use zlib 1.3
2025-03-03  8:00:24 0 [Note] InnoDB: Number of pools: 1
2025-03-03  8:00:24 0 [Note] InnoDB: Using SSE2 crc32 instructions
2025-03-03  8:00:24 0 [Note] InnoDB: Initializing buffer pool, total size = 16M, instances = 1, chunk size = 16M
2025-03-03  8:00:24 0 [Note] InnoDB: Completed initialization of buffer pool
2025-03-03  8:00:24 0 [Note] InnoDB: Starting crash recovery from checkpoint LSN=989351
2025-03-03  8:00:24 0 [Note] InnoDB: 128 out of 128 rollback segments are active.
2025-03-03  8:00:24 0 [Note] InnoDB: Removed temporary tablespace data file: "ibtmp1"
2025-03-03  8:00:24 0 [Note] InnoDB: Creating shared tablespace for temporary tables
2025-03-03  8:00:24 0 [Note] InnoDB: Setting file 'C:\xampp\mysql\data\ibtmp1' size to 12 MB. Physically writing the file full; Please wait ...
2025-03-03  8:00:24 0 [Note] InnoDB: File 'C:\xampp\mysql\data\ibtmp1' size is now 12 MB.
2025-03-03  8:00:24 0 [Note] InnoDB: Waiting for purge to start
2025-03-03  8:00:24 0 [Note] InnoDB: 10.4.32 started; log sequence number 989360; transaction id 1457
2025-03-03  8:00:24 0 [Note] InnoDB: Loading buffer pool(s) from C:\xampp\mysql\data\ib_buffer_pool
2025-03-03  8:00:24 0 [Note] Plugin 'FEEDBACK' is disabled.
2025-03-03  8:00:24 0 [Note] Server socket created on IP: '::'.
2025-03-03  8:25:40 0 [Note] Starting MariaDB 10.4.32-MariaDB source revision c4143f909528e3fab0677a28631d10389354c491 as process 14240
2025-03-03  8:25:40 0 [Note] InnoDB: Mutexes and rw_locks use Windows interlocked functions
2025-03-03  8:25:40 0 [Note] InnoDB: Uses event mutexes
2025-03-03  8:25:40 0 [Note] InnoDB: Compressed tables use zlib 1.3
2025-03-03  8:25:40 0 [Note] InnoDB: Number of pools: 1
2025-03-03  8:25:40 0 [Note] InnoDB: Using SSE2 crc32 instructions
2025-03-03  8:25:40 0 [Note] InnoDB: Initializing buffer pool, total size = 16M, instances = 1, chunk size = 16M
2025-03-03  8:25:40 0 [Note] InnoDB: Completed initialization of buffer pool
2025-03-03  8:25:40 0 [Note] InnoDB: Starting crash recovery from checkpoint LSN=989351
2025-03-03  8:25:40 0 [Note] InnoDB: 128 out of 128 rollback segments are active.
2025-03-03  8:25:40 0 [Note] InnoDB: Removed temporary tablespace data file: "ibtmp1"
2025-03-03  8:25:40 0 [Note] InnoDB: Creating shared tablespace for temporary tables
2025-03-03  8:25:40 0 [Note] InnoDB: Setting file 'C:\xampp\mysql\data\ibtmp1' size to 12 MB. Physically writing the file full; Please wait ...
2025-03-03  8:25:40 0 [Note] InnoDB: File 'C:\xampp\mysql\data\ibtmp1' size is now 12 MB.
2025-03-03  8:25:40 0 [Note] InnoDB: Waiting for purge to start
2025-03-03  8:25:40 0 [Note] InnoDB: 10.4.32 started; log sequence number 989360; transaction id 1457
2025-03-03  8:25:40 0 [Note] InnoDB: Loading buffer pool(s) from C:\xampp\mysql\data\ib_buffer_pool
2025-03-03  8:25:40 0 [Note] Plugin 'FEEDBACK' is disabled.
2025-03-03  8:25:40 0 [Note] InnoDB: Buffer pool(s) load completed at 250303  8:25:40
2025-03-03  8:25:40 0 [Note] Server socket created on IP: '::'.
2025-03-03 17:13:50 0 [Note] Starting MariaDB 10.4.32-MariaDB source revision c4143f909528e3fab0677a28631d10389354c491 as process 3188
2025-03-03 17:13:50 0 [Note] InnoDB: Mutexes and rw_locks use Windows interlocked functions
2025-03-03 17:13:50 0 [Note] InnoDB: Uses event mutexes
2025-03-03 17:13:50 0 [Note] InnoDB: Compressed tables use zlib 1.3
2025-03-03 17:13:50 0 [Note] InnoDB: Number of pools: 1
2025-03-03 17:13:50 0 [Note] InnoDB: Using SSE2 crc32 instructions
2025-03-03 17:13:50 0 [Note] InnoDB: Initializing buffer pool, total size = 16M, instances = 1, chunk size = 16M
2025-03-03 17:13:50 0 [Note] InnoDB: Completed initialization of buffer pool
2025-03-03 17:13:50 0 [Note] InnoDB: Starting crash recovery from checkpoint LSN=1042702
2025-03-03 17:13:50 0 [Note] InnoDB: 128 out of 128 rollback segments are active.
2025-03-03 17:13:50 0 [Note] InnoDB: Removed temporary tablespace data file: "ibtmp1"
2025-03-03 17:13:50 0 [Note] InnoDB: Creating shared tablespace for temporary tables
2025-03-03 17:13:50 0 [Note] InnoDB: Setting file 'C:\xampp\mysql\data\ibtmp1' size to 12 MB. Physically writing the file full; Please wait ...
2025-03-03 17:13:50 0 [Note] InnoDB: File 'C:\xampp\mysql\data\ibtmp1' size is now 12 MB.
2025-03-03 17:13:50 0 [Note] InnoDB: Waiting for purge to start
2025-03-03 17:13:50 0 [Note] InnoDB: 10.4.32 started; log sequence number 1042711; transaction id 1581
2025-03-03 17:13:50 0 [Note] InnoDB: Loading buffer pool(s) from C:\xampp\mysql\data\ib_buffer_pool
2025-03-03 17:13:50 0 [Note] Plugin 'FEEDBACK' is disabled.
2025-03-03 17:13:50 0 [Note] InnoDB: Buffer pool(s) load completed at 250303 17:13:50
2025-03-03 17:13:51 0 [Note] Server socket created on IP: '::'.
2025-03-04  9:06:53 0 [Note] Starting MariaDB 10.4.32-MariaDB source revision c4143f909528e3fab0677a28631d10389354c491 as process 8652
2025-03-04  9:06:54 0 [Note] InnoDB: Mutexes and rw_locks use Windows interlocked functions
2025-03-04  9:06:54 0 [Note] InnoDB: Uses event mutexes
2025-03-04  9:06:54 0 [Note] InnoDB: Compressed tables use zlib 1.3
2025-03-04  9:06:54 0 [Note] InnoDB: Number of pools: 1
2025-03-04  9:06:54 0 [Note] InnoDB: Using SSE2 crc32 instructions
2025-03-04  9:06:54 0 [Note] InnoDB: Initializing buffer pool, total size = 16M, instances = 1, chunk size = 16M
2025-03-04  9:06:54 0 [Note] InnoDB: Completed initialization of buffer pool
2025-03-04  9:06:54 0 [Note] InnoDB: Starting crash recovery from checkpoint LSN=1042720
2025-03-04  9:06:54 0 [Note] InnoDB: 128 out of 128 rollback segments are active.
2025-03-04  9:06:54 0 [Note] InnoDB: Removed temporary tablespace data file: "ibtmp1"
2025-03-04  9:06:54 0 [Note] InnoDB: Creating shared tablespace for temporary tables
2025-03-04  9:06:54 0 [Note] InnoDB: Setting file 'C:\xampp\mysql\data\ibtmp1' size to 12 MB. Physically writing the file full; Please wait ...
2025-03-04  9:06:54 0 [Note] InnoDB: File 'C:\xampp\mysql\data\ibtmp1' size is now 12 MB.
2025-03-04  9:06:54 0 [Note] InnoDB: Waiting for purge to start
2025-03-04  9:06:54 0 [Note] InnoDB: 10.4.32 started; log sequence number 1042729; transaction id 1581
2025-03-04  9:06:54 0 [Note] InnoDB: Loading buffer pool(s) from C:\xampp\mysql\data\ib_buffer_pool
2025-03-04  9:06:54 0 [Note] Plugin 'FEEDBACK' is disabled.
2025-03-04  9:06:54 0 [Note] InnoDB: Buffer pool(s) load completed at 250304  9:06:54
2025-03-04  9:06:54 0 [Note] Server socket created on IP: '::'.
